=== Security Audit ===
Environment templates:
./agent-infra/.env
./.env.local
./.env
./.env.example

Secret detection (pnpm audit):
┌─────────────────────┬────────────────────────────────────────────────────────┐
│ high                │ ws affected by a DoS when handling a request with many │
│                     │ HTTP headers                                           │
├─────────────────────┼────────────────────────────────────────────────────────┤
│ Package             │ ws                                                     │
├─────────────────────┼────────────────────────────────────────────────────────┤
│ Vulnerable versions │ >=2.1.0 <5.2.4                                         │
├─────────────────────┼────────────────────────────────────────────────────────┤
│ Patched versions    │ >=5.2.4                                                │
├─────────────────────┼────────────────────────────────────────────────────────┤
│ Paths               │ apps/api > snoowrap@1.23.0 > ws@3.3.3                  │
├─────────────────────┼────────────────────────────────────────────────────────┤
│ More info           │ https://github.com/advisories/GHSA-3h5v-q93c-6h6q      │
└─────────────────────┴────────────────────────────────────────────────────────┘
┌─────────────────────┬────────────────────────────────────────────────────────┐
│ moderate            │ NextAuthjs Email misdelivery Vulnerability             │
├─────────────────────┼────────────────────────────────────────────────────────┤
│ Package             │ next-auth                                              │
├─────────────────────┼────────────────────────────────────────────────────────┤
│ Vulnerable versions │ <4.24.12                                               │
├─────────────────────┼────────────────────────────────────────────────────────┤
│ Patched versions    │ >=4.24.12                                              │
├─────────────────────┼────────────────────────────────────────────────────────┤
│ Paths               │ apps/web > @next-auth/prisma-adapter@1.0.7 >           │
│                     │ next-auth@4.24.11                                      │
│                     │                                                        │
│                     │ apps/web > next-auth@4.24.11                           │
├─────────────────────┼────────────────────────────────────────────────────────┤
│ More info           │ https://github.com/advisories/GHSA-5jpx-9hw9-2fx4      │
└─────────────────────┴────────────────────────────────────────────────────────┘
