
> @neonhub/ui-v3.2@3.2.0 build
> npm run prisma:generate && next build


> @neonhub/ui-v3.2@3.2.0 prisma:generate
> prisma generate

Environment variables loaded from .env
Prisma schema loaded from ../api/prisma/schema.prisma

✔ Generated Prisma Client (v5.22.0) to ./../../node_modules/@prisma/client in 119ms

Start by importing your Prisma Client (See: https://pris.ly/d/importing-client)

Tip: Interested in query caching in just a few lines of code? Try Accelerate today! https://pris.ly/tip-3-accelerate

   ▲ Next.js 15.5.6
   - Environments: .env.local, .env
   - Experiments (use with caution):
     · serverActions

   Creating an optimized production build ...
Failed to compile.

./node_modules/next/dist/pages/_app.js
Module not found: Can't resolve '../shared/lib/utils'

https://nextjs.org/docs/messages/module-not-found

./node_modules/next/dist/pages/_document.js
Module not found: Can't resolve '../shared/lib/constants'

https://nextjs.org/docs/messages/module-not-found

./node_modules/next/dist/pages/_document.js
Module not found: Can't resolve '../server/get-page-files'

https://nextjs.org/docs/messages/module-not-found

./node_modules/next/dist/pages/_document.js
Module not found: Can't resolve '../server/htmlescape'

https://nextjs.org/docs/messages/module-not-found

./node_modules/next/dist/pages/_document.js
Module not found: Can't resolve '../lib/is-error'

https://nextjs.org/docs/messages/module-not-found


> Build failed because of webpack errors
npm error Lifecycle script `build` failed with error:
npm error code 1
npm error path /Users/kofirusu/Desktop/NeonHub/apps/web
npm error workspace @neonhub/ui-v3.2@3.2.0
npm error location /Users/kofirusu/Desktop/NeonHub/apps/web
npm error command failed
npm error command sh -c npm run prisma:generate && next build
