== FINAL VERIFICATION & RELEASE GATE ==
== Tooling Snapshot ==
pnpm: /opt/homebrew/bin/pnpm   version=9.12.0
node: v20.17.0
== Workspace Sanity ==
== Federation path checks ==
Federation workspace references look clean.
== Preflight Guards ==
undefined
 ERR_PNPM_RECURSIVE_EXEC_FIRST_FAIL  Command "guards:check" not found

Did you mean "pnpm quality:check"?
NOTE: guards enforce secrets only when mocks OFF
== Start API (background) ==
API PID: 76121
== Smokes ==
-- /api/health --
curl: (7) Failed to connect to localhost port 3001 after 0 ms: Couldn't connect to server
HEALTH FAIL
-- AI REST smoke --
TypeError: fetch failed
    at node:internal/deps/undici/undici:13178:13
    at process.processTicksAndRejections (node:internal/process/task_queues:95:5)
    at async main (file:///Users/kofirusu/Desktop/NeonHub/scripts/smoke-ai-rest.mjs:12:15) {
  [cause]: AggregateError [ECONNREFUSED]: 
      at internalConnectMultiple (node:net:1118:18)
      at afterConnectMultiple (node:net:1685:7) {
    code: 'ECONNREFUSED',
    [errors]: [ [Error], [Error] ]
  }
}
AI REST FAIL
-- AI preview smoke --
GET http://localhost:3001/api/ai/preview?objective=Announce+NeonHub+beta&channel=blog&tone=modern&audience=founders
TypeError: fetch failed
    at node:internal/deps/undici/undici:13178:13
    at process.processTicksAndRejections (node:internal/process/task_queues:95:5) {
  [cause]: AggregateError [ECONNREFUSED]: 
      at internalConnectMultiple (node:net:1118:18)
      at afterConnectMultiple (node:net:1685:7) {
    code: 'ECONNREFUSED',
    [errors]: [ [Error], [Error] ]
  }
}
AI PREVIEW FAIL
-- Stripe webhook (mock) --
curl: (7) Failed to connect to localhost port 3001 after 0 ms: Couldn't connect to server
STRIPE MOCK FAIL
-- Metrics (optional) --
curl: (7) Failed to connect to localhost port 3001 after 0 ms: Couldn't connect to server
METRICS N/A (optional)
== Tail server log ==

> neonhub@3.2.0 dev /Users/kofirusu/Desktop/NeonHub
> concurrently "npm run dev --workspace=apps/api" "npm run dev --workspace=apps/web"

[1] 
[1] > @neonhub/ui-v3.2@3.2.0 dev
[1] > next dev -p 3000
[1] 
[0] 
[0] > @neonhub/backend-v3.2@3.2.0 dev
[0] > node ../../scripts/run-cli.mjs tsx watch src/server.ts
[0] 
[1]    ▲ Next.js 15.5.6
[1]    - Local:        http://localhost:3000
[1]    - Network:      http://192.168.1.231:3000
[1]    - Environments: .env.local, .env
[1]    - Experiments (use with caution):
[1]      · serverActions
[1] 
[1]  ✓ Starting...
[0] 7:41:25 PM [tsx] change in ./../../node_modules/.pnpm/qs@6.14.0/node_modules/qs/lib/index.js Restarting...
[1]  ✓ Ready in 1319ms
[0] 7:41:26 PM [tsx] change in ./../../node_modules/.pnpm/@sentry+core@10.22.0/node_modules/@sentry/core/build/esm/debug-build.js Process hasn't exited. Killing process...
[0] c== Final Audit ==
=== NEONHUB FINAL AUDIT ===
Root: /Users/kofirusu/Desktop/NeonHub
DevSSD: /Volumes/devssd (mode: ignore)
Overall: 100%

Database     Main:100%  DevSSD:  0%  Score:100%
Backend APIs Main:100%  DevSSD:  0%  Score:100%
Agents       Main:100%  DevSSD:  0%  Score:100%
Analytics    Main:100%  DevSSD:  0%  Score:100%
Frontend UI  Main:100%  DevSSD:  0%  Score:100%
Fintech      Main:100%  DevSSD:  0%  Score:100%
SEO          Main:100%  DevSSD:  0%  Score:100%
CI/CD        Main:100%  DevSSD:  0%  Score:100%
Monitoring   Main:100%  DevSSD:  0%  Score:100%
Docs         Main:100%  DevSSD:  0%  Score:100%
== Gate: HOLD  |  Report: FINAL_READINESS_GATE.md ==
