
> neonhub@3.2.0 build /Users/kofirusu/Desktop/NeonHub
> npm run prisma:generate && npm run build:api && npm run build:web && npm run build:engine


> neonhub@3.2.0 prisma:generate
> npm run prisma:generate --workspace=apps/api


> @neonhub/backend-v3.2@3.2.0 prisma:generate
> node ../../scripts/run-cli.mjs prisma generate || node ../../scripts/offline-prisma-generate.mjs

[prisma:generate] Prisma client artifacts already present. Skipping engine download.

> neonhub@3.2.0 build:api
> npm run build --workspace=apps/api


> @neonhub/backend-v3.2@3.2.0 build
> npm run prisma:generate && node ../../scripts/run-cli.mjs tsc -p .


> @neonhub/backend-v3.2@3.2.0 prisma:generate
> node ../../scripts/run-cli.mjs prisma generate || node ../../scripts/offline-prisma-generate.mjs

[prisma:generate] Prisma client artifacts already present. Skipping engine download.

> neonhub@3.2.0 build:web
> npm run build --workspace=apps/web


> @neonhub/ui-v3.2@3.2.0 build
> npm run prisma:generate && node ../../scripts/run-cli.mjs next build


> @neonhub/ui-v3.2@3.2.0 prisma:generate
> node ../../scripts/run-cli.mjs prisma generate || node ../../scripts/offline-prisma-generate.mjs

[prisma:generate] Prisma client artifacts already present. Skipping engine download.
 ELIFECYCLE  Command failed with exit code 1.
