No projects matched the filters in "/Users/kofirusu/Desktop/NeonHub"
None of the selected packages has a "prisma" script
undefined
/Users/kofirusu/Desktop/NeonHub/apps/api:
 ERR_PNPM_RECURSIVE_EXEC_FIRST_FAIL  Command "prisma" not found

> @neonhub/backend-v3.2@3.2.0 prisma:generate /Users/kofirusu/Desktop/NeonHub/apps/api
> node ../../scripts/run-cli.mjs prisma generate || node ../../scripts/offline-prisma-generate.mjs

Unable to resolve binary for "prisma" (module "prisma/build/index.js"). Did you install dependencies?
Error: Cannot find module 'prisma/build/index.js'
Require stack:
- /Users/kofirusu/Desktop/NeonHub/scripts/run-cli.mjs
    at Module._resolveFilename (node:internal/modules/cjs/loader:1225:15)
    at Function.resolve (node:internal/modules/helpers:190:19)
    at resolveBinary (file:///Users/kofirusu/Desktop/NeonHub/scripts/run-cli.mjs:52:22)
    at main (file:///Users/kofirusu/Desktop/NeonHub/scripts/run-cli.mjs:91:14)
    at file:///Users/kofirusu/Desktop/NeonHub/scripts/run-cli.mjs:138:1
    at ModuleJob.run (node:internal/modules/esm/module_job:234:25)
    at async ModuleLoader.import (node:internal/modules/esm/loader:473:24)
    at async asyncRunEntryPointWithESMLoader (node:internal/modules/run_main:123:5) {
  code: 'MODULE_NOT_FOUND',
  requireStack: [ '/Users/kofirusu/Desktop/NeonHub/scripts/run-cli.mjs' ]
}
[prisma:generate] Prisma client artifacts missing at /Users/kofirusu/Desktop/NeonHub/node_modules/@prisma/client
Please ensure dependencies are installed or restore the prebuilt client.
/Users/kofirusu/Desktop/NeonHub/apps/api:
 ERR_PNPM_RECURSIVE_RUN_FIRST_FAIL  @neonhub/backend-v3.2@3.2.0 prisma:generate: `node ../../scripts/run-cli.mjs prisma generate || node ../../scripts/offline-prisma-generate.mjs`
Exit status 1
 WARN   Local package.json exists, but node_modules missing, did you mean to install?
