┌─────────────────────┬────────────────────────────────────────────────────────┐
│ critical            │ protobufjs Prototype Pollution vulnerability           │
├─────────────────────┼────────────────────────────────────────────────────────┤
│ Package             │ protobufjs                                             │
├─────────────────────┼────────────────────────────────────────────────────────┤
│ Vulnerable versions │ >=7.0.0 <7.2.5                                         │
├─────────────────────┼────────────────────────────────────────────────────────┤
│ Patched versions    │ >=7.2.5                                                │
├─────────────────────┼────────────────────────────────────────────────────────┤
│ Paths               │                                                        │
├─────────────────────┼────────────────────────────────────────────────────────┤
│ More info           │ https://github.com/advisories/GHSA-h755-8qp9-cq85      │
└─────────────────────┴────────────────────────────────────────────────────────┘
┌─────────────────────┬────────────────────────────────────────────────────────┐
│ critical            │ JSONPath Plus Remote Code Execution (RCE)              │
│                     │ Vulnerability                                          │
├─────────────────────┼────────────────────────────────────────────────────────┤
│ Package             │ jsonpath-plus                                          │
├─────────────────────┼────────────────────────────────────────────────────────┤
│ Vulnerable versions │ <10.2.0                                                │
├─────────────────────┼────────────────────────────────────────────────────────┤
│ Patched versions    │ >=10.2.0                                               │
├─────────────────────┼────────────────────────────────────────────────────────┤
│ Paths               │                                                        │
├─────────────────────┼────────────────────────────────────────────────────────┤
│ More info           │ https://github.com/advisories/GHSA-pppg-cpfq-h7wr      │
└─────────────────────┴────────────────────────────────────────────────────────┘
┌─────────────────────┬────────────────────────────────────────────────────────┐
│ critical            │ form-data uses unsafe random function in form-data for │
│                     │ choosing boundary                                      │
├─────────────────────┼────────────────────────────────────────────────────────┤
│ Package             │ form-data                                              │
├─────────────────────┼────────────────────────────────────────────────────────┤
│ Vulnerable versions │ <2.5.4                                                 │
├─────────────────────┼────────────────────────────────────────────────────────┤
│ Patched versions    │ >=2.5.4                                                │
├─────────────────────┼────────────────────────────────────────────────────────┤
│ Paths               │                                                        │
├─────────────────────┼────────────────────────────────────────────────────────┤
│ More info           │ https://github.com/advisories/GHSA-fjxv-7rqg-78g4      │
└─────────────────────┴────────────────────────────────────────────────────────┘
┌─────────────────────┬────────────────────────────────────────────────────────┐
│ high                │ JSONPath Plus allows Remote Code Execution             │
├─────────────────────┼────────────────────────────────────────────────────────┤
│ Package             │ jsonpath-plus                                          │
├─────────────────────┼────────────────────────────────────────────────────────┤
│ Vulnerable versions │ <10.3.0                                                │
├─────────────────────┼────────────────────────────────────────────────────────┤
│ Patched versions    │ >=10.3.0                                               │
├─────────────────────┼────────────────────────────────────────────────────────┤
│ Paths               │                                                        │
├─────────────────────┼────────────────────────────────────────────────────────┤
│ More info           │ https://github.com/advisories/GHSA-hw8r-x6gr-5gjp      │
└─────────────────────┴────────────────────────────────────────────────────────┘
┌─────────────────────┬────────────────────────────────────────────────────────┐
│ moderate            │ Got allows a redirect to a UNIX socket                 │
├─────────────────────┼────────────────────────────────────────────────────────┤
│ Package             │ got                                                    │
├─────────────────────┼────────────────────────────────────────────────────────┤
│ Vulnerable versions │ <11.8.5                                                │
├─────────────────────┼────────────────────────────────────────────────────────┤
│ Patched versions    │ >=11.8.5                                               │
├─────────────────────┼────────────────────────────────────────────────────────┤
│ Paths               │                                                        │
├─────────────────────┼────────────────────────────────────────────────────────┤
│ More info           │ https://github.com/advisories/GHSA-pfrx-2q88-qq97      │
└─────────────────────┴────────────────────────────────────────────────────────┘
┌─────────────────────┬────────────────────────────────────────────────────────┐
│ moderate            │ Server-Side Request Forgery in Request                 │
├─────────────────────┼────────────────────────────────────────────────────────┤
│ Package             │ request                                                │
├─────────────────────┼────────────────────────────────────────────────────────┤
│ Vulnerable versions │ <=2.88.2                                               │
├─────────────────────┼────────────────────────────────────────────────────────┤
│ Patched versions    │ <0.0.0                                                 │
├─────────────────────┼────────────────────────────────────────────────────────┤
│ Paths               │                                                        │
├─────────────────────┼────────────────────────────────────────────────────────┤
│ More info           │ https://github.com/advisories/GHSA-p8p7-x288-28g6      │
└─────────────────────┴────────────────────────────────────────────────────────┘
┌─────────────────────┬────────────────────────────────────────────────────────┐
│ moderate            │ jose vulnerable to resource exhaustion via             │
│                     │ specifically crafted JWE with compressed plaintext     │
├─────────────────────┼────────────────────────────────────────────────────────┤
│ Package             │ jose                                                   │
├─────────────────────┼────────────────────────────────────────────────────────┤
│ Vulnerable versions │ <2.0.7                                                 │
├─────────────────────┼────────────────────────────────────────────────────────┤
│ Patched versions    │ >=2.0.7                                                │
├─────────────────────┼────────────────────────────────────────────────────────┤
│ Paths               │                                                        │
├─────────────────────┼────────────────────────────────────────────────────────┤
│ More info           │ https://github.com/advisories/GHSA-hhhv-q57g-882q      │
└─────────────────────┴────────────────────────────────────────────────────────┘
┌─────────────────────┬────────────────────────────────────────────────────────┐
│ moderate            │ tough-cookie Prototype Pollution vulnerability         │
├─────────────────────┼────────────────────────────────────────────────────────┤
│ Package             │ tough-cookie                                           │
├─────────────────────┼────────────────────────────────────────────────────────┤
│ Vulnerable versions │ <4.1.3                                                 │
├─────────────────────┼────────────────────────────────────────────────────────┤
│ Patched versions    │ >=4.1.3                                                │
├─────────────────────┼────────────────────────────────────────────────────────┤
│ Paths               │                                                        │
├─────────────────────┼────────────────────────────────────────────────────────┤
│ More info           │ https://github.com/advisories/GHSA-72xf-g2v4-qvf3      │
└─────────────────────┴────────────────────────────────────────────────────────┘
10 vulnerabilities found
Severity: 4 moderate | 2 high | 4 critical
