
> neonhub@3.2.0 build /Users/kofirusu/Desktop/NeonHub
> npm run prisma:generate && npm run build --workspaces --if-present


> neonhub@3.2.0 prisma:generate
> npm run prisma:generate --workspace=apps/api


> @neonhub/backend-v3.2@3.2.0 prisma:generate
> node ../../scripts/run-cli.mjs prisma generate || node ../../scripts/offline-prisma-generate.mjs

Unable to resolve binary for "prisma" (module "prisma/build/index.js"). Did you install dependencies?
Error: Cannot find module 'prisma/build/index.js'
Require stack:
- /Users/kofirusu/Desktop/NeonHub/scripts/run-cli.mjs
    at Module._resolveFilename (node:internal/modules/cjs/loader:1225:15)
    at Function.resolve (node:internal/modules/helpers:190:19)
    at resolveBinary (file:///Users/kofirusu/Desktop/NeonHub/scripts/run-cli.mjs:52:22)
    at main (file:///Users/kofirusu/Desktop/NeonHub/scripts/run-cli.mjs:91:14)
    at file:///Users/kofirusu/Desktop/NeonHub/scripts/run-cli.mjs:138:1
    at ModuleJob.run (node:internal/modules/esm/module_job:234:25)
    at async ModuleLoader.import (node:internal/modules/esm/loader:473:24)
    at async asyncRunEntryPointWithESMLoader (node:internal/modules/run_main:123:5) {
  code: 'MODULE_NOT_FOUND',
  requireStack: [ '/Users/kofirusu/Desktop/NeonHub/scripts/run-cli.mjs' ]
}
[prisma:generate] Prisma client artifacts missing at /Users/kofirusu/Desktop/NeonHub/node_modules/@prisma/client
Please ensure dependencies are installed or restore the prebuilt client.
npm error Lifecycle script `prisma:generate` failed with error:
npm error code 1
npm error path /Users/kofirusu/Desktop/NeonHub/apps/api
npm error workspace @neonhub/backend-v3.2@3.2.0
npm error location /Users/kofirusu/Desktop/NeonHub/apps/api
npm error command failed
npm error command sh -c node ../../scripts/run-cli.mjs prisma generate || node ../../scripts/offline-prisma-generate.mjs
 ELIFECYCLE  Command failed with exit code 1.
